<?xml version="1.0" encoding="UTF-8"?>
<!-- Generated by org.testng.reporters.JUnitReportReporter -->
<testsuite hostname="DESKTOP-SUHMU3A" failures="0" tests="1" name="test.Demo" time="0.042" errors="0" timestamp="2021-01-22T22:58:12 IST" skipped="0">
  <testcase classname="test.Demo" name="testA" time="0.042"/>
  <system-out>
Maven Demo....  </system-out>
</testsuite> <!-- test.Demo -->
