<?xml version="1.0" encoding="UTF-8"?>
<!-- Generated by org.testng.reporters.JUnitReportReporter -->
<testsuite hostname="DESKTOP-SUHMU3A" failures="0" tests="1" name="TestScripts.DynamicXpath_MakeMyTrip" time="26.548" errors="0" timestamp="2021-03-04T23:15:20 IST" skipped="0">
  <testcase classname="TestScripts.DynamicXpath_MakeMyTrip" name="TicketBook" time="26.548"/>
  <system-out/>
</testsuite> <!-- TestScripts.DynamicXpath_MakeMyTrip -->
