<?xml version="1.0" encoding="UTF-8"?>
<!-- Generated by org.testng.reporters.JUnitReportReporter -->
<testsuite hostname="DESKTOP-SUHMU3A" failures="0" tests="1" name="TestScripts.FaceBookAssign" time="83.372" errors="0" timestamp="2021-02-03T23:47:16 IST" skipped="0">
  <testcase classname="TestScripts.FaceBookAssign" name="remoteExe" time="83.372"/>
  <system-out/>
</testsuite> <!-- TestScripts.FaceBookAssign -->
